<?xml version="1.0" encoding="UTF-8"?>
<robot generator="Robot 6.0.2 (Python 3.10.6 on darwin)" generated="20230301 04:04:56.331" rpa="false" schemaversion="3">
<suite id="s1" name="Main" source="/Users/a970/workspace/xkcd/main.robot">
<kw name="Open Browser" library="Selenium2Library" type="SETUP">
<arg>${HOMEPAGE}</arg>
<arg>${BROWSER}</arg>
<doc>Opens a new browser instance to the optional ``url``.</doc>
<msg timestamp="20230301 04:04:56.419" level="INFO">Opening browser 'Chrome' to base url 'http://www.xkcd.com'.</msg>
<status status="PASS" starttime="20230301 04:04:56.418" endtime="20230301 04:04:58.462"/>
</kw>
<test id="s1-t1" name="T.1 Verify the homepage's header" line="24">
<kw name="verify homepage logo" library="keywords">
<kw name="Element Should Be Visible" library="Selenium2Library">
<arg>${HomepageLogo}</arg>
<arg>"The homepage's logo is not visible"</arg>
<doc>Verifies that the element identified by ``locator`` is visible.</doc>
<msg timestamp="20230301 04:04:58.506" level="INFO">Element 'xpath://img[@alt="xkcd.com logo"]' is displayed.</msg>
<status status="PASS" starttime="20230301 04:04:58.463" endtime="20230301 04:04:58.507"/>
</kw>
<status status="PASS" starttime="20230301 04:04:58.463" endtime="20230301 04:04:58.507"/>
</kw>
<kw name="verify homepage slogan" library="keywords">
<kw name="Element Should Be Visible" library="Selenium2Library">
<arg>${HomepageSlogan}</arg>
<arg>"The homepage's slogan is not visible"</arg>
<doc>Verifies that the element identified by ``locator`` is visible.</doc>
<msg timestamp="20230301 04:04:58.518" level="INFO">Element 'xpath://span[@id="slogan"]' is displayed.</msg>
<status status="PASS" starttime="20230301 04:04:58.507" endtime="20230301 04:04:58.518"/>
</kw>
<kw name="Element Text Should Be" library="Selenium2Library">
<arg>${HomepageSlogan}</arg>
<arg>${SLOGAN}</arg>
<doc>Verifies that element ``locator`` contains exact the text ``expected``.</doc>
<msg timestamp="20230301 04:04:58.519" level="INFO">Verifying element 'xpath://span[@id="slogan"]' contains exact text 'A webcomic of romance,
sarcasm, math, and language.'.</msg>
<status status="PASS" starttime="20230301 04:04:58.518" endtime="20230301 04:04:58.531"/>
</kw>
<status status="PASS" starttime="20230301 04:04:58.507" endtime="20230301 04:04:58.531"/>
</kw>
<doc>Verifies the general display of the homepage's header</doc>
<status status="PASS" starttime="20230301 04:04:58.462" endtime="20230301 04:04:58.531"/>
</test>
<test id="s1-t2" name="T.2 Verify the homepage's main content" line="29">
<kw name="verify comic" library="keywords">
<kw name="Convert To Integer" library="BuiltIn">
<var>${expectedComicID}</var>
<arg>${expectedComicID}</arg>
<doc>Converts the given item to an integer number.</doc>
<msg timestamp="20230301 04:04:58.532" level="INFO">${expectedComicID} = 0</msg>
<status status="PASS" starttime="20230301 04:04:58.532" endtime="20230301 04:04:58.532"/>
</kw>
<kw name="Element Should Be Visible" library="Selenium2Library">
<arg>${comicTitle}</arg>
<arg>"The comic's title is not visible"</arg>
<doc>Verifies that the element identified by ``locator`` is visible.</doc>
<msg timestamp="20230301 04:04:58.541" level="INFO">Element 'xpath://div[@id="ctitle"]' is displayed.</msg>
<status status="PASS" starttime="20230301 04:04:58.532" endtime="20230301 04:04:58.541"/>
</kw>
<kw name="Element Should Be Visible" library="Selenium2Library">
<arg>${comicImage}</arg>
<arg>"The comic's image is not visible"</arg>
<doc>Verifies that the element identified by ``locator`` is visible.</doc>
<msg timestamp="20230301 04:04:58.549" level="INFO">Element 'xpath://div[@id="comic"]/img' is displayed.</msg>
<status status="PASS" starttime="20230301 04:04:58.541" endtime="20230301 04:04:58.549"/>
</kw>
<kw name="get permanent link" library="keywords">
<var>${txtPermaLink}</var>
<kw name="Element Should Be Visible" library="Selenium2Library">
<arg>${permaLink}</arg>
<arg>"The comic's permanent link is not visible"</arg>
<doc>Verifies that the element identified by ``locator`` is visible.</doc>
<msg timestamp="20230301 04:04:58.559" level="INFO">Element 'xpath://div[@id='middleContainer']/text()[contains(.,'Permanent link')]/following-sibling::a[1]' is displayed.</msg>
<status status="PASS" starttime="20230301 04:04:58.550" endtime="20230301 04:04:58.559"/>
</kw>
<kw name="Get Text" library="Selenium2Library">
<var>${txtPermaLink}</var>
<arg>${permaLink}</arg>
<doc>Returns the text value of the element identified by ``locator``.</doc>
<msg timestamp="20230301 04:04:58.567" level="INFO">${txtPermaLink} = https://xkcd.com/2743/</msg>
<status status="PASS" starttime="20230301 04:04:58.559" endtime="20230301 04:04:58.567"/>
</kw>
<msg timestamp="20230301 04:04:58.567" level="INFO">${txtPermaLink} = https://xkcd.com/2743/</msg>
<status status="PASS" starttime="20230301 04:04:58.549" endtime="20230301 04:04:58.567"/>
</kw>
<kw name="Should Match Regexp" library="BuiltIn">
<arg>${txtPermaLink}</arg>
<arg>${regExPermaLink}</arg>
<arg>Verifying the comic's premanent link</arg>
<doc>Fails if ``string`` does not match ``pattern`` as a regular expression.</doc>
<status status="PASS" starttime="20230301 04:04:58.567" endtime="20230301 04:04:58.567"/>
</kw>
<if>
<branch type="IF" condition="${expectedComicID} !=0">
<kw name="get comic ID" library="keywords">
<var>${comicID}</var>
<status status="NOT RUN" starttime="20230301 04:04:58.568" endtime="20230301 04:04:58.568"/>
</kw>
<kw name="Should Be Equal" library="BuiltIn">
<arg>${comicID}</arg>
<arg>${expectedComicID}</arg>
<arg>Verifying if the displayed comic ID equals the expected comic ID</arg>
<arg>True</arg>
<doc>Fails if the given objects are unequal.</doc>
<status status="NOT RUN" starttime="20230301 04:04:58.568" endtime="20230301 04:04:58.568"/>
</kw>
<status status="NOT RUN" starttime="20230301 04:04:58.567" endtime="20230301 04:04:58.568"/>
</branch>
<status status="PASS" starttime="20230301 04:04:58.567" endtime="20230301 04:04:58.568"/>
</if>
<kw name="Element Should Be Visible" library="Selenium2Library">
<arg>${imgURL}</arg>
<arg>"The comic's image URL is not visible"</arg>
<doc>Verifies that the element identified by ``locator`` is visible.</doc>
<msg timestamp="20230301 04:04:58.577" level="INFO">Element 'xpath://div[@id='middleContainer']/text()[contains(.,'Image URL')]/following-sibling::a[1]' is displayed.</msg>
<status status="PASS" starttime="20230301 04:04:58.568" endtime="20230301 04:04:58.577"/>
</kw>
<kw name="Get Text" library="Selenium2Library">
<var>${txtImgURL}</var>
<arg>${imgURL}</arg>
<doc>Returns the text value of the element identified by ``locator``.</doc>
<msg timestamp="20230301 04:04:58.584" level="INFO">${txtImgURL} = https://imgs.xkcd.com/comics/hand_dryers.png</msg>
<status status="PASS" starttime="20230301 04:04:58.577" endtime="20230301 04:04:58.584"/>
</kw>
<kw name="Should Match Regexp" library="BuiltIn">
<arg>${txtImgURL}</arg>
<arg>${regExImgURL}</arg>
<arg>Verifying the comic's Image URL</arg>
<doc>Fails if ``string`` does not match ``pattern`` as a regular expression.</doc>
<status status="PASS" starttime="20230301 04:04:58.585" endtime="20230301 04:04:58.585"/>
</kw>
<status status="PASS" starttime="20230301 04:04:58.532" endtime="20230301 04:04:58.585"/>
</kw>
<kw name="get comic ID" library="keywords">
<var>${HomepageComicID}</var>
<kw name="get permanent link" library="keywords">
<var>${txtPermaLink}</var>
<kw name="Element Should Be Visible" library="Selenium2Library">
<arg>${permaLink}</arg>
<arg>"The comic's permanent link is not visible"</arg>
<doc>Verifies that the element identified by ``locator`` is visible.</doc>
<msg timestamp="20230301 04:04:58.591" level="INFO">Element 'xpath://div[@id='middleContainer']/text()[contains(.,'Permanent link')]/following-sibling::a[1]' is displayed.</msg>
<status status="PASS" starttime="20230301 04:04:58.585" endtime="20230301 04:04:58.591"/>
</kw>
<kw name="Get Text" library="Selenium2Library">
<var>${txtPermaLink}</var>
<arg>${permaLink}</arg>
<doc>Returns the text value of the element identified by ``locator``.</doc>
<msg timestamp="20230301 04:04:58.603" level="INFO">${txtPermaLink} = https://xkcd.com/2743/</msg>
<status status="PASS" starttime="20230301 04:04:58.591" endtime="20230301 04:04:58.603"/>
</kw>
<msg timestamp="20230301 04:04:58.603" level="INFO">${txtPermaLink} = https://xkcd.com/2743/</msg>
<status status="PASS" starttime="20230301 04:04:58.585" endtime="20230301 04:04:58.603"/>
</kw>
<kw name="Get Regexp Matches" library="String">
<var>${comicID}</var>
<arg>${txtPermaLink}</arg>
<arg>[0-9]+</arg>
<doc>Returns a list of all non-overlapping matches in the given string.</doc>
<msg timestamp="20230301 04:04:58.603" level="INFO">${comicID} = ['2743']</msg>
<status status="PASS" starttime="20230301 04:04:58.603" endtime="20230301 04:04:58.603"/>
</kw>
<kw name="Convert To Integer" library="BuiltIn">
<var>${NbcomicID}</var>
<arg>${comicID}[0]</arg>
<doc>Converts the given item to an integer number.</doc>
<msg timestamp="20230301 04:04:58.604" level="INFO">${NbcomicID} = 2743</msg>
<status status="PASS" starttime="20230301 04:04:58.603" endtime="20230301 04:04:58.604"/>
</kw>
<msg timestamp="20230301 04:04:58.604" level="INFO">${HomepageComicID} = 2743</msg>
<status status="PASS" starttime="20230301 04:04:58.585" endtime="20230301 04:04:58.604"/>
</kw>
<kw name="click first comic" library="keywords">
<kw name="Element Should Be Visible" library="Selenium2Library">
<arg>${firstComic}</arg>
<arg>"The first comic button '|&lt;' is not visible"</arg>
<doc>Verifies that the element identified by ``locator`` is visible.</doc>
<msg timestamp="20230301 04:04:58.619" level="INFO">Element 'xpath://ul[@class='comicNav']/li/a[text()='|&lt;']' is displayed.</msg>
<status status="PASS" starttime="20230301 04:04:58.604" endtime="20230301 04:04:58.619"/>
</kw>
<kw name="Click Element" library="Selenium2Library">
<arg>${firstComic}</arg>
<doc>Click the element identified by ``locator``.</doc>
<msg timestamp="20230301 04:04:58.620" level="INFO">Clicking element 'xpath://ul[@class='comicNav']/li/a[text()='|&lt;']'.</msg>
<status status="PASS" starttime="20230301 04:04:58.619" endtime="20230301 04:04:58.801"/>
</kw>
<status status="PASS" starttime="20230301 04:04:58.604" endtime="20230301 04:04:58.801"/>
</kw>
<kw name="verify comic" library="keywords">
<arg>1</arg>
<kw name="Convert To Integer" library="BuiltIn">
<var>${expectedComicID}</var>
<arg>${expectedComicID}</arg>
<doc>Converts the given item to an integer number.</doc>
<msg timestamp="20230301 04:04:58.801" level="INFO">${expectedComicID} = 1</msg>
<status status="PASS" starttime="20230301 04:04:58.801" endtime="20230301 04:04:58.801"/>
</kw>
<kw name="Element Should Be Visible" library="Selenium2Library">
<arg>${comicTitle}</arg>
<arg>"The comic's title is not visible"</arg>
<doc>Verifies that the element identified by ``locator`` is visible.</doc>
<msg timestamp="20230301 04:04:58.822" level="INFO">Element 'xpath://div[@id="ctitle"]' is displayed.</msg>
<status status="PASS" starttime="20230301 04:04:58.801" endtime="20230301 04:04:58.822"/>
</kw>
<kw name="Element Should Be Visible" library="Selenium2Library">
<arg>${comicImage}</arg>
<arg>"The comic's image is not visible"</arg>
<doc>Verifies that the element identified by ``locator`` is visible.</doc>
<msg timestamp="20230301 04:04:58.831" level="INFO">Element 'xpath://div[@id="comic"]/img' is displayed.</msg>
<status status="PASS" starttime="20230301 04:04:58.822" endtime="20230301 04:04:58.831"/>
</kw>
<kw name="get permanent link" library="keywords">
<var>${txtPermaLink}</var>
<kw name="Element Should Be Visible" library="Selenium2Library">
<arg>${permaLink}</arg>
<arg>"The comic's permanent link is not visible"</arg>
<doc>Verifies that the element identified by ``locator`` is visible.</doc>
<msg timestamp="20230301 04:04:58.838" level="INFO">Element 'xpath://div[@id='middleContainer']/text()[contains(.,'Permanent link')]/following-sibling::a[1]' is displayed.</msg>
<status status="PASS" starttime="20230301 04:04:58.831" endtime="20230301 04:04:58.838"/>
</kw>
<kw name="Get Text" library="Selenium2Library">
<var>${txtPermaLink}</var>
<arg>${permaLink}</arg>
<doc>Returns the text value of the element identified by ``locator``.</doc>
<msg timestamp="20230301 04:04:58.850" level="INFO">${txtPermaLink} = https://xkcd.com/1/</msg>
<status status="PASS" starttime="20230301 04:04:58.838" endtime="20230301 04:04:58.850"/>
</kw>
<msg timestamp="20230301 04:04:58.850" level="INFO">${txtPermaLink} = https://xkcd.com/1/</msg>
<status status="PASS" starttime="20230301 04:04:58.831" endtime="20230301 04:04:58.850"/>
</kw>
<kw name="Should Match Regexp" library="BuiltIn">
<arg>${txtPermaLink}</arg>
<arg>${regExPermaLink}</arg>
<arg>Verifying the comic's premanent link</arg>
<doc>Fails if ``string`` does not match ``pattern`` as a regular expression.</doc>
<status status="PASS" starttime="20230301 04:04:58.851" endtime="20230301 04:04:58.851"/>
</kw>
<if>
<branch type="IF" condition="${expectedComicID} !=0">
<kw name="get comic ID" library="keywords">
<var>${comicID}</var>
<kw name="get permanent link" library="keywords">
<var>${txtPermaLink}</var>
<kw name="Element Should Be Visible" library="Selenium2Library">
<arg>${permaLink}</arg>
<arg>"The comic's permanent link is not visible"</arg>
<doc>Verifies that the element identified by ``locator`` is visible.</doc>
<msg timestamp="20230301 04:04:58.857" level="INFO">Element 'xpath://div[@id='middleContainer']/text()[contains(.,'Permanent link')]/following-sibling::a[1]' is displayed.</msg>
<status status="PASS" starttime="20230301 04:04:58.851" endtime="20230301 04:04:58.857"/>
</kw>
<kw name="Get Text" library="Selenium2Library">
<var>${txtPermaLink}</var>
<arg>${permaLink}</arg>
<doc>Returns the text value of the element identified by ``locator``.</doc>
<msg timestamp="20230301 04:04:58.864" level="INFO">${txtPermaLink} = https://xkcd.com/1/</msg>
<status status="PASS" starttime="20230301 04:04:58.857" endtime="20230301 04:04:58.865"/>
</kw>
<msg timestamp="20230301 04:04:58.865" level="INFO">${txtPermaLink} = https://xkcd.com/1/</msg>
<status status="PASS" starttime="20230301 04:04:58.851" endtime="20230301 04:04:58.865"/>
</kw>
<kw name="Get Regexp Matches" library="String">
<var>${comicID}</var>
<arg>${txtPermaLink}</arg>
<arg>[0-9]+</arg>
<doc>Returns a list of all non-overlapping matches in the given string.</doc>
<msg timestamp="20230301 04:04:58.865" level="INFO">${comicID} = ['1']</msg>
<status status="PASS" starttime="20230301 04:04:58.865" endtime="20230301 04:04:58.865"/>
</kw>
<kw name="Convert To Integer" library="BuiltIn">
<var>${NbcomicID}</var>
<arg>${comicID}[0]</arg>
<doc>Converts the given item to an integer number.</doc>
<msg timestamp="20230301 04:04:58.865" level="INFO">${NbcomicID} = 1</msg>
<status status="PASS" starttime="20230301 04:04:58.865" endtime="20230301 04:04:58.865"/>
</kw>
<msg timestamp="20230301 04:04:58.865" level="INFO">${comicID} = 1</msg>
<status status="PASS" starttime="20230301 04:04:58.851" endtime="20230301 04:04:58.865"/>
</kw>
<kw name="Should Be Equal" library="BuiltIn">
<arg>${comicID}</arg>
<arg>${expectedComicID}</arg>
<arg>Verifying if the displayed comic ID equals the expected comic ID</arg>
<arg>True</arg>
<doc>Fails if the given objects are unequal.</doc>
<status status="PASS" starttime="20230301 04:04:58.865" endtime="20230301 04:04:58.865"/>
</kw>
<status status="PASS" starttime="20230301 04:04:58.851" endtime="20230301 04:04:58.865"/>
</branch>
<status status="PASS" starttime="20230301 04:04:58.851" endtime="20230301 04:04:58.865"/>
</if>
<kw name="Element Should Be Visible" library="Selenium2Library">
<arg>${imgURL}</arg>
<arg>"The comic's image URL is not visible"</arg>
<doc>Verifies that the element identified by ``locator`` is visible.</doc>
<msg timestamp="20230301 04:04:58.872" level="INFO">Element 'xpath://div[@id='middleContainer']/text()[contains(.,'Image URL')]/following-sibling::a[1]' is displayed.</msg>
<status status="PASS" starttime="20230301 04:04:58.865" endtime="20230301 04:04:58.872"/>
</kw>
<kw name="Get Text" library="Selenium2Library">
<var>${txtImgURL}</var>
<arg>${imgURL}</arg>
<doc>Returns the text value of the element identified by ``locator``.</doc>
<msg timestamp="20230301 04:04:58.880" level="INFO">${txtImgURL} = https://imgs.xkcd.com/comics/barrel_cropped_(1).jpg</msg>
<status status="PASS" starttime="20230301 04:04:58.872" endtime="20230301 04:04:58.880"/>
</kw>
<kw name="Should Match Regexp" library="BuiltIn">
<arg>${txtImgURL}</arg>
<arg>${regExImgURL}</arg>
<arg>Verifying the comic's Image URL</arg>
<doc>Fails if ``string`` does not match ``pattern`` as a regular expression.</doc>
<status status="PASS" starttime="20230301 04:04:58.880" endtime="20230301 04:04:58.881"/>
</kw>
<status status="PASS" starttime="20230301 04:04:58.801" endtime="20230301 04:04:58.881"/>
</kw>
<kw name="click next comic" library="keywords">
<kw name="Element Should Be Visible" library="Selenium2Library">
<arg>${nextComic}</arg>
<arg>"The next comic button is not visible"</arg>
<doc>Verifies that the element identified by ``locator`` is visible.</doc>
<msg timestamp="20230301 04:04:58.889" level="INFO">Element 'xpath://ul[@class='comicNav']/li/a[@rel='next']' is displayed.</msg>
<status status="PASS" starttime="20230301 04:04:58.881" endtime="20230301 04:04:58.889"/>
</kw>
<kw name="Click Element" library="Selenium2Library">
<arg>${nextComic}</arg>
<doc>Click the element identified by ``locator``.</doc>
<msg timestamp="20230301 04:04:58.890" level="INFO">Clicking element 'xpath://ul[@class='comicNav']/li/a[@rel='next']'.</msg>
<status status="PASS" starttime="20230301 04:04:58.890" endtime="20230301 04:04:58.932"/>
</kw>
<status status="PASS" starttime="20230301 04:04:58.881" endtime="20230301 04:04:58.932"/>
</kw>
<kw name="verify comic" library="keywords">
<arg>2</arg>
<kw name="Convert To Integer" library="BuiltIn">
<var>${expectedComicID}</var>
<arg>${expectedComicID}</arg>
<doc>Converts the given item to an integer number.</doc>
<msg timestamp="20230301 04:04:58.932" level="INFO">${expectedComicID} = 2</msg>
<status status="PASS" starttime="20230301 04:04:58.932" endtime="20230301 04:04:58.932"/>
</kw>
<kw name="Element Should Be Visible" library="Selenium2Library">
<arg>${comicTitle}</arg>
<arg>"The comic's title is not visible"</arg>
<doc>Verifies that the element identified by ``locator`` is visible.</doc>
<msg timestamp="20230301 04:04:58.940" level="INFO">Element 'xpath://div[@id="ctitle"]' is displayed.</msg>
<status status="PASS" starttime="20230301 04:04:58.932" endtime="20230301 04:04:58.940"/>
</kw>
<kw name="Element Should Be Visible" library="Selenium2Library">
<arg>${comicImage}</arg>
<arg>"The comic's image is not visible"</arg>
<doc>Verifies that the element identified by ``locator`` is visible.</doc>
<msg timestamp="20230301 04:04:58.957" level="INFO">Element 'xpath://div[@id="comic"]/img' is displayed.</msg>
<status status="PASS" starttime="20230301 04:04:58.940" endtime="20230301 04:04:58.958"/>
</kw>
<kw name="get permanent link" library="keywords">
<var>${txtPermaLink}</var>
<kw name="Element Should Be Visible" library="Selenium2Library">
<arg>${permaLink}</arg>
<arg>"The comic's permanent link is not visible"</arg>
<doc>Verifies that the element identified by ``locator`` is visible.</doc>
<msg timestamp="20230301 04:04:58.965" level="INFO">Element 'xpath://div[@id='middleContainer']/text()[contains(.,'Permanent link')]/following-sibling::a[1]' is displayed.</msg>
<status status="PASS" starttime="20230301 04:04:58.958" endtime="20230301 04:04:58.965"/>
</kw>
<kw name="Get Text" library="Selenium2Library">
<var>${txtPermaLink}</var>
<arg>${permaLink}</arg>
<doc>Returns the text value of the element identified by ``locator``.</doc>
<msg timestamp="20230301 04:04:58.973" level="INFO">${txtPermaLink} = https://xkcd.com/2/</msg>
<status status="PASS" starttime="20230301 04:04:58.965" endtime="20230301 04:04:58.973"/>
</kw>
<msg timestamp="20230301 04:04:58.973" level="INFO">${txtPermaLink} = https://xkcd.com/2/</msg>
<status status="PASS" starttime="20230301 04:04:58.958" endtime="20230301 04:04:58.973"/>
</kw>
<kw name="Should Match Regexp" library="BuiltIn">
<arg>${txtPermaLink}</arg>
<arg>${regExPermaLink}</arg>
<arg>Verifying the comic's premanent link</arg>
<doc>Fails if ``string`` does not match ``pattern`` as a regular expression.</doc>
<status status="PASS" starttime="20230301 04:04:58.973" endtime="20230301 04:04:58.973"/>
</kw>
<if>
<branch type="IF" condition="${expectedComicID} !=0">
<kw name="get comic ID" library="keywords">
<var>${comicID}</var>
<kw name="get permanent link" library="keywords">
<var>${txtPermaLink}</var>
<kw name="Element Should Be Visible" library="Selenium2Library">
<arg>${permaLink}</arg>
<arg>"The comic's permanent link is not visible"</arg>
<doc>Verifies that the element identified by ``locator`` is visible.</doc>
<msg timestamp="20230301 04:04:58.979" level="INFO">Element 'xpath://div[@id='middleContainer']/text()[contains(.,'Permanent link')]/following-sibling::a[1]' is displayed.</msg>
<status status="PASS" starttime="20230301 04:04:58.973" endtime="20230301 04:04:58.979"/>
</kw>
<kw name="Get Text" library="Selenium2Library">
<var>${txtPermaLink}</var>
<arg>${permaLink}</arg>
<doc>Returns the text value of the element identified by ``locator``.</doc>
<msg timestamp="20230301 04:04:58.985" level="INFO">${txtPermaLink} = https://xkcd.com/2/</msg>
<status status="PASS" starttime="20230301 04:04:58.979" endtime="20230301 04:04:58.985"/>
</kw>
<msg timestamp="20230301 04:04:58.985" level="INFO">${txtPermaLink} = https://xkcd.com/2/</msg>
<status status="PASS" starttime="20230301 04:04:58.973" endtime="20230301 04:04:58.985"/>
</kw>
<kw name="Get Regexp Matches" library="String">
<var>${comicID}</var>
<arg>${txtPermaLink}</arg>
<arg>[0-9]+</arg>
<doc>Returns a list of all non-overlapping matches in the given string.</doc>
<msg timestamp="20230301 04:04:58.985" level="INFO">${comicID} = ['2']</msg>
<status status="PASS" starttime="20230301 04:04:58.985" endtime="20230301 04:04:58.985"/>
</kw>
<kw name="Convert To Integer" library="BuiltIn">
<var>${NbcomicID}</var>
<arg>${comicID}[0]</arg>
<doc>Converts the given item to an integer number.</doc>
<msg timestamp="20230301 04:04:58.985" level="INFO">${NbcomicID} = 2</msg>
<status status="PASS" starttime="20230301 04:04:58.985" endtime="20230301 04:04:58.986"/>
</kw>
<msg timestamp="20230301 04:04:58.986" level="INFO">${comicID} = 2</msg>
<status status="PASS" starttime="20230301 04:04:58.973" endtime="20230301 04:04:58.986"/>
</kw>
<kw name="Should Be Equal" library="BuiltIn">
<arg>${comicID}</arg>
<arg>${expectedComicID}</arg>
<arg>Verifying if the displayed comic ID equals the expected comic ID</arg>
<arg>True</arg>
<doc>Fails if the given objects are unequal.</doc>
<status status="PASS" starttime="20230301 04:04:58.986" endtime="20230301 04:04:58.986"/>
</kw>
<status status="PASS" starttime="20230301 04:04:58.973" endtime="20230301 04:04:58.986"/>
</branch>
<status status="PASS" starttime="20230301 04:04:58.973" endtime="20230301 04:04:58.986"/>
</if>
<kw name="Element Should Be Visible" library="Selenium2Library">
<arg>${imgURL}</arg>
<arg>"The comic's image URL is not visible"</arg>
<doc>Verifies that the element identified by ``locator`` is visible.</doc>
<msg timestamp="20230301 04:04:58.993" level="INFO">Element 'xpath://div[@id='middleContainer']/text()[contains(.,'Image URL')]/following-sibling::a[1]' is displayed.</msg>
<status status="PASS" starttime="20230301 04:04:58.986" endtime="20230301 04:04:58.993"/>
</kw>
<kw name="Get Text" library="Selenium2Library">
<var>${txtImgURL}</var>
<arg>${imgURL}</arg>
<doc>Returns the text value of the element identified by ``locator``.</doc>
<msg timestamp="20230301 04:04:59.001" level="INFO">${txtImgURL} = https://imgs.xkcd.com/comics/tree_cropped_(1).jpg</msg>
<status status="PASS" starttime="20230301 04:04:58.993" endtime="20230301 04:04:59.001"/>
</kw>
<kw name="Should Match Regexp" library="BuiltIn">
<arg>${txtImgURL}</arg>
<arg>${regExImgURL}</arg>
<arg>Verifying the comic's Image URL</arg>
<doc>Fails if ``string`` does not match ``pattern`` as a regular expression.</doc>
<status status="PASS" starttime="20230301 04:04:59.001" endtime="20230301 04:04:59.001"/>
</kw>
<status status="PASS" starttime="20230301 04:04:58.932" endtime="20230301 04:04:59.001"/>
</kw>
<kw name="click previous comic" library="keywords">
<kw name="Element Should Be Visible" library="Selenium2Library">
<arg>${previousComic}</arg>
<arg>"The previous comic button is not visible"</arg>
<doc>Verifies that the element identified by ``locator`` is visible.</doc>
<msg timestamp="20230301 04:04:59.010" level="INFO">Element 'xpath://ul[@class='comicNav']/li/a[@rel='prev']' is displayed.</msg>
<status status="PASS" starttime="20230301 04:04:59.001" endtime="20230301 04:04:59.010"/>
</kw>
<kw name="Click Element" library="Selenium2Library">
<arg>${previousComic}</arg>
<doc>Click the element identified by ``locator``.</doc>
<msg timestamp="20230301 04:04:59.010" level="INFO">Clicking element 'xpath://ul[@class='comicNav']/li/a[@rel='prev']'.</msg>
<status status="PASS" starttime="20230301 04:04:59.010" endtime="20230301 04:04:59.042"/>
</kw>
<status status="PASS" starttime="20230301 04:04:59.001" endtime="20230301 04:04:59.042"/>
</kw>
<kw name="verify comic" library="keywords">
<arg>1</arg>
<kw name="Convert To Integer" library="BuiltIn">
<var>${expectedComicID}</var>
<arg>${expectedComicID}</arg>
<doc>Converts the given item to an integer number.</doc>
<msg timestamp="20230301 04:04:59.042" level="INFO">${expectedComicID} = 1</msg>
<status status="PASS" starttime="20230301 04:04:59.042" endtime="20230301 04:04:59.042"/>
</kw>
<kw name="Element Should Be Visible" library="Selenium2Library">
<arg>${comicTitle}</arg>
<arg>"The comic's title is not visible"</arg>
<doc>Verifies that the element identified by ``locator`` is visible.</doc>
<msg timestamp="20230301 04:04:59.052" level="INFO">Element 'xpath://div[@id="ctitle"]' is displayed.</msg>
<status status="PASS" starttime="20230301 04:04:59.042" endtime="20230301 04:04:59.052"/>
</kw>
<kw name="Element Should Be Visible" library="Selenium2Library">
<arg>${comicImage}</arg>
<arg>"The comic's image is not visible"</arg>
<doc>Verifies that the element identified by ``locator`` is visible.</doc>
<msg timestamp="20230301 04:04:59.059" level="INFO">Element 'xpath://div[@id="comic"]/img' is displayed.</msg>
<status status="PASS" starttime="20230301 04:04:59.052" endtime="20230301 04:04:59.059"/>
</kw>
<kw name="get permanent link" library="keywords">
<var>${txtPermaLink}</var>
<kw name="Element Should Be Visible" library="Selenium2Library">
<arg>${permaLink}</arg>
<arg>"The comic's permanent link is not visible"</arg>
<doc>Verifies that the element identified by ``locator`` is visible.</doc>
<msg timestamp="20230301 04:04:59.066" level="INFO">Element 'xpath://div[@id='middleContainer']/text()[contains(.,'Permanent link')]/following-sibling::a[1]' is displayed.</msg>
<status status="PASS" starttime="20230301 04:04:59.059" endtime="20230301 04:04:59.067"/>
</kw>
<kw name="Get Text" library="Selenium2Library">
<var>${txtPermaLink}</var>
<arg>${permaLink}</arg>
<doc>Returns the text value of the element identified by ``locator``.</doc>
<msg timestamp="20230301 04:04:59.074" level="INFO">${txtPermaLink} = https://xkcd.com/1/</msg>
<status status="PASS" starttime="20230301 04:04:59.067" endtime="20230301 04:04:59.074"/>
</kw>
<msg timestamp="20230301 04:04:59.074" level="INFO">${txtPermaLink} = https://xkcd.com/1/</msg>
<status status="PASS" starttime="20230301 04:04:59.059" endtime="20230301 04:04:59.074"/>
</kw>
<kw name="Should Match Regexp" library="BuiltIn">
<arg>${txtPermaLink}</arg>
<arg>${regExPermaLink}</arg>
<arg>Verifying the comic's premanent link</arg>
<doc>Fails if ``string`` does not match ``pattern`` as a regular expression.</doc>
<status status="PASS" starttime="20230301 04:04:59.074" endtime="20230301 04:04:59.074"/>
</kw>
<if>
<branch type="IF" condition="${expectedComicID} !=0">
<kw name="get comic ID" library="keywords">
<var>${comicID}</var>
<kw name="get permanent link" library="keywords">
<var>${txtPermaLink}</var>
<kw name="Element Should Be Visible" library="Selenium2Library">
<arg>${permaLink}</arg>
<arg>"The comic's permanent link is not visible"</arg>
<doc>Verifies that the element identified by ``locator`` is visible.</doc>
<msg timestamp="20230301 04:04:59.080" level="INFO">Element 'xpath://div[@id='middleContainer']/text()[contains(.,'Permanent link')]/following-sibling::a[1]' is displayed.</msg>
<status status="PASS" starttime="20230301 04:04:59.075" endtime="20230301 04:04:59.080"/>
</kw>
<kw name="Get Text" library="Selenium2Library">
<var>${txtPermaLink}</var>
<arg>${permaLink}</arg>
<doc>Returns the text value of the element identified by ``locator``.</doc>
<msg timestamp="20230301 04:04:59.086" level="INFO">${txtPermaLink} = https://xkcd.com/1/</msg>
<status status="PASS" starttime="20230301 04:04:59.081" endtime="20230301 04:04:59.086"/>
</kw>
<msg timestamp="20230301 04:04:59.086" level="INFO">${txtPermaLink} = https://xkcd.com/1/</msg>
<status status="PASS" starttime="20230301 04:04:59.074" endtime="20230301 04:04:59.086"/>
</kw>
<kw name="Get Regexp Matches" library="String">
<var>${comicID}</var>
<arg>${txtPermaLink}</arg>
<arg>[0-9]+</arg>
<doc>Returns a list of all non-overlapping matches in the given string.</doc>
<msg timestamp="20230301 04:04:59.086" level="INFO">${comicID} = ['1']</msg>
<status status="PASS" starttime="20230301 04:04:59.086" endtime="20230301 04:04:59.086"/>
</kw>
<kw name="Convert To Integer" library="BuiltIn">
<var>${NbcomicID}</var>
<arg>${comicID}[0]</arg>
<doc>Converts the given item to an integer number.</doc>
<msg timestamp="20230301 04:04:59.086" level="INFO">${NbcomicID} = 1</msg>
<status status="PASS" starttime="20230301 04:04:59.086" endtime="20230301 04:04:59.086"/>
</kw>
<msg timestamp="20230301 04:04:59.086" level="INFO">${comicID} = 1</msg>
<status status="PASS" starttime="20230301 04:04:59.074" endtime="20230301 04:04:59.086"/>
</kw>
<kw name="Should Be Equal" library="BuiltIn">
<arg>${comicID}</arg>
<arg>${expectedComicID}</arg>
<arg>Verifying if the displayed comic ID equals the expected comic ID</arg>
<arg>True</arg>
<doc>Fails if the given objects are unequal.</doc>
<status status="PASS" starttime="20230301 04:04:59.086" endtime="20230301 04:04:59.086"/>
</kw>
<status status="PASS" starttime="20230301 04:04:59.074" endtime="20230301 04:04:59.086"/>
</branch>
<status status="PASS" starttime="20230301 04:04:59.074" endtime="20230301 04:04:59.086"/>
</if>
<kw name="Element Should Be Visible" library="Selenium2Library">
<arg>${imgURL}</arg>
<arg>"The comic's image URL is not visible"</arg>
<doc>Verifies that the element identified by ``locator`` is visible.</doc>
<msg timestamp="20230301 04:04:59.093" level="INFO">Element 'xpath://div[@id='middleContainer']/text()[contains(.,'Image URL')]/following-sibling::a[1]' is displayed.</msg>
<status status="PASS" starttime="20230301 04:04:59.086" endtime="20230301 04:04:59.093"/>
</kw>
<kw name="Get Text" library="Selenium2Library">
<var>${txtImgURL}</var>
<arg>${imgURL}</arg>
<doc>Returns the text value of the element identified by ``locator``.</doc>
<msg timestamp="20230301 04:04:59.100" level="INFO">${txtImgURL} = https://imgs.xkcd.com/comics/barrel_cropped_(1).jpg</msg>
<status status="PASS" starttime="20230301 04:04:59.093" endtime="20230301 04:04:59.100"/>
</kw>
<kw name="Should Match Regexp" library="BuiltIn">
<arg>${txtImgURL}</arg>
<arg>${regExImgURL}</arg>
<arg>Verifying the comic's Image URL</arg>
<doc>Fails if ``string`` does not match ``pattern`` as a regular expression.</doc>
<status status="PASS" starttime="20230301 04:04:59.100" endtime="20230301 04:04:59.100"/>
</kw>
<status status="PASS" starttime="20230301 04:04:59.042" endtime="20230301 04:04:59.100"/>
</kw>
<kw name="click random comic" library="keywords">
<kw name="Element Should Be Visible" library="Selenium2Library">
<arg>${randomComic}</arg>
<arg>"The random comic button is not visible"</arg>
<doc>Verifies that the element identified by ``locator`` is visible.</doc>
<msg timestamp="20230301 04:04:59.109" level="INFO">Element 'xpath://ul[@class='comicNav']/li/a[text()='Random']' is displayed.</msg>
<status status="PASS" starttime="20230301 04:04:59.100" endtime="20230301 04:04:59.109"/>
</kw>
<kw name="Click Element" library="Selenium2Library">
<arg>${randomComic}</arg>
<doc>Click the element identified by ``locator``.</doc>
<msg timestamp="20230301 04:04:59.110" level="INFO">Clicking element 'xpath://ul[@class='comicNav']/li/a[text()='Random']'.</msg>
<status status="PASS" starttime="20230301 04:04:59.109" endtime="20230301 04:05:00.001"/>
</kw>
<status status="PASS" starttime="20230301 04:04:59.100" endtime="20230301 04:05:00.001"/>
</kw>
<kw name="verify comic" library="keywords">
<kw name="Convert To Integer" library="BuiltIn">
<var>${expectedComicID}</var>
<arg>${expectedComicID}</arg>
<doc>Converts the given item to an integer number.</doc>
<msg timestamp="20230301 04:05:00.001" level="INFO">${expectedComicID} = 0</msg>
<status status="PASS" starttime="20230301 04:05:00.001" endtime="20230301 04:05:00.002"/>
</kw>
<kw name="Element Should Be Visible" library="Selenium2Library">
<arg>${comicTitle}</arg>
<arg>"The comic's title is not visible"</arg>
<doc>Verifies that the element identified by ``locator`` is visible.</doc>
<msg timestamp="20230301 04:05:00.019" level="INFO">Element 'xpath://div[@id="ctitle"]' is displayed.</msg>
<status status="PASS" starttime="20230301 04:05:00.002" endtime="20230301 04:05:00.019"/>
</kw>
<kw name="Element Should Be Visible" library="Selenium2Library">
<arg>${comicImage}</arg>
<arg>"The comic's image is not visible"</arg>
<doc>Verifies that the element identified by ``locator`` is visible.</doc>
<msg timestamp="20230301 04:05:00.037" level="INFO">Element 'xpath://div[@id="comic"]/img' is displayed.</msg>
<status status="PASS" starttime="20230301 04:05:00.019" endtime="20230301 04:05:00.037"/>
</kw>
<kw name="get permanent link" library="keywords">
<var>${txtPermaLink}</var>
<kw name="Element Should Be Visible" library="Selenium2Library">
<arg>${permaLink}</arg>
<arg>"The comic's permanent link is not visible"</arg>
<doc>Verifies that the element identified by ``locator`` is visible.</doc>
<msg timestamp="20230301 04:05:00.049" level="INFO">Element 'xpath://div[@id='middleContainer']/text()[contains(.,'Permanent link')]/following-sibling::a[1]' is displayed.</msg>
<status status="PASS" starttime="20230301 04:05:00.038" endtime="20230301 04:05:00.049"/>
</kw>
<kw name="Get Text" library="Selenium2Library">
<var>${txtPermaLink}</var>
<arg>${permaLink}</arg>
<doc>Returns the text value of the element identified by ``locator``.</doc>
<msg timestamp="20230301 04:05:00.060" level="INFO">${txtPermaLink} = https://xkcd.com/756/</msg>
<status status="PASS" starttime="20230301 04:05:00.049" endtime="20230301 04:05:00.060"/>
</kw>
<msg timestamp="20230301 04:05:00.060" level="INFO">${txtPermaLink} = https://xkcd.com/756/</msg>
<status status="PASS" starttime="20230301 04:05:00.037" endtime="20230301 04:05:00.060"/>
</kw>
<kw name="Should Match Regexp" library="BuiltIn">
<arg>${txtPermaLink}</arg>
<arg>${regExPermaLink}</arg>
<arg>Verifying the comic's premanent link</arg>
<doc>Fails if ``string`` does not match ``pattern`` as a regular expression.</doc>
<status status="PASS" starttime="20230301 04:05:00.060" endtime="20230301 04:05:00.060"/>
</kw>
<if>
<branch type="IF" condition="${expectedComicID} !=0">
<kw name="get comic ID" library="keywords">
<var>${comicID}</var>
<status status="NOT RUN" starttime="20230301 04:05:00.060" endtime="20230301 04:05:00.060"/>
</kw>
<kw name="Should Be Equal" library="BuiltIn">
<arg>${comicID}</arg>
<arg>${expectedComicID}</arg>
<arg>Verifying if the displayed comic ID equals the expected comic ID</arg>
<arg>True</arg>
<doc>Fails if the given objects are unequal.</doc>
<status status="NOT RUN" starttime="20230301 04:05:00.060" endtime="20230301 04:05:00.060"/>
</kw>
<status status="NOT RUN" starttime="20230301 04:05:00.060" endtime="20230301 04:05:00.060"/>
</branch>
<status status="PASS" starttime="20230301 04:05:00.060" endtime="20230301 04:05:00.060"/>
</if>
<kw name="Element Should Be Visible" library="Selenium2Library">
<arg>${imgURL}</arg>
<arg>"The comic's image URL is not visible"</arg>
<doc>Verifies that the element identified by ``locator`` is visible.</doc>
<msg timestamp="20230301 04:05:00.068" level="INFO">Element 'xpath://div[@id='middleContainer']/text()[contains(.,'Image URL')]/following-sibling::a[1]' is displayed.</msg>
<status status="PASS" starttime="20230301 04:05:00.060" endtime="20230301 04:05:00.068"/>
</kw>
<kw name="Get Text" library="Selenium2Library">
<var>${txtImgURL}</var>
<arg>${imgURL}</arg>
<doc>Returns the text value of the element identified by ``locator``.</doc>
<msg timestamp="20230301 04:05:00.078" level="INFO">${txtImgURL} = https://imgs.xkcd.com/comics/public_opinion.png</msg>
<status status="PASS" starttime="20230301 04:05:00.068" endtime="20230301 04:05:00.078"/>
</kw>
<kw name="Should Match Regexp" library="BuiltIn">
<arg>${txtImgURL}</arg>
<arg>${regExImgURL}</arg>
<arg>Verifying the comic's Image URL</arg>
<doc>Fails if ``string`` does not match ``pattern`` as a regular expression.</doc>
<status status="PASS" starttime="20230301 04:05:00.078" endtime="20230301 04:05:00.078"/>
</kw>
<status status="PASS" starttime="20230301 04:05:00.001" endtime="20230301 04:05:00.078"/>
</kw>
<kw name="click last comic" library="keywords">
<kw name="Element Should Be Visible" library="Selenium2Library">
<arg>${lastComic}</arg>
<arg>"The first comic button '&gt;|' is not visible"</arg>
<doc>Verifies that the element identified by ``locator`` is visible.</doc>
<msg timestamp="20230301 04:05:00.088" level="INFO">Element 'xpath://ul[@class='comicNav']/li/a[text()='&gt;|']' is displayed.</msg>
<status status="PASS" starttime="20230301 04:05:00.079" endtime="20230301 04:05:00.088"/>
</kw>
<kw name="Click Element" library="Selenium2Library">
<arg>${lastComic}</arg>
<doc>Click the element identified by ``locator``.</doc>
<msg timestamp="20230301 04:05:00.089" level="INFO">Clicking element 'xpath://ul[@class='comicNav']/li/a[text()='&gt;|']'.</msg>
<status status="PASS" starttime="20230301 04:05:00.088" endtime="20230301 04:05:00.124"/>
</kw>
<status status="PASS" starttime="20230301 04:05:00.078" endtime="20230301 04:05:00.125"/>
</kw>
<kw name="verify comic" library="keywords">
<arg>${HomepageComicID}</arg>
<kw name="Convert To Integer" library="BuiltIn">
<var>${expectedComicID}</var>
<arg>${expectedComicID}</arg>
<doc>Converts the given item to an integer number.</doc>
<msg timestamp="20230301 04:05:00.125" level="INFO">${expectedComicID} = 2743</msg>
<status status="PASS" starttime="20230301 04:05:00.125" endtime="20230301 04:05:00.125"/>
</kw>
<kw name="Element Should Be Visible" library="Selenium2Library">
<arg>${comicTitle}</arg>
<arg>"The comic's title is not visible"</arg>
<doc>Verifies that the element identified by ``locator`` is visible.</doc>
<msg timestamp="20230301 04:05:00.141" level="INFO">Element 'xpath://div[@id="ctitle"]' is displayed.</msg>
<status status="PASS" starttime="20230301 04:05:00.125" endtime="20230301 04:05:00.141"/>
</kw>
<kw name="Element Should Be Visible" library="Selenium2Library">
<arg>${comicImage}</arg>
<arg>"The comic's image is not visible"</arg>
<doc>Verifies that the element identified by ``locator`` is visible.</doc>
<msg timestamp="20230301 04:05:00.148" level="INFO">Element 'xpath://div[@id="comic"]/img' is displayed.</msg>
<status status="PASS" starttime="20230301 04:05:00.141" endtime="20230301 04:05:00.149"/>
</kw>
<kw name="get permanent link" library="keywords">
<var>${txtPermaLink}</var>
<kw name="Element Should Be Visible" library="Selenium2Library">
<arg>${permaLink}</arg>
<arg>"The comic's permanent link is not visible"</arg>
<doc>Verifies that the element identified by ``locator`` is visible.</doc>
<msg timestamp="20230301 04:05:00.155" level="INFO">Element 'xpath://div[@id='middleContainer']/text()[contains(.,'Permanent link')]/following-sibling::a[1]' is displayed.</msg>
<status status="PASS" starttime="20230301 04:05:00.149" endtime="20230301 04:05:00.155"/>
</kw>
<kw name="Get Text" library="Selenium2Library">
<var>${txtPermaLink}</var>
<arg>${permaLink}</arg>
<doc>Returns the text value of the element identified by ``locator``.</doc>
<msg timestamp="20230301 04:05:00.163" level="INFO">${txtPermaLink} = https://xkcd.com/2743/</msg>
<status status="PASS" starttime="20230301 04:05:00.155" endtime="20230301 04:05:00.163"/>
</kw>
<msg timestamp="20230301 04:05:00.163" level="INFO">${txtPermaLink} = https://xkcd.com/2743/</msg>
<status status="PASS" starttime="20230301 04:05:00.149" endtime="20230301 04:05:00.163"/>
</kw>
<kw name="Should Match Regexp" library="BuiltIn">
<arg>${txtPermaLink}</arg>
<arg>${regExPermaLink}</arg>
<arg>Verifying the comic's premanent link</arg>
<doc>Fails if ``string`` does not match ``pattern`` as a regular expression.</doc>
<status status="PASS" starttime="20230301 04:05:00.163" endtime="20230301 04:05:00.163"/>
</kw>
<if>
<branch type="IF" condition="${expectedComicID} !=0">
<kw name="get comic ID" library="keywords">
<var>${comicID}</var>
<kw name="get permanent link" library="keywords">
<var>${txtPermaLink}</var>
<kw name="Element Should Be Visible" library="Selenium2Library">
<arg>${permaLink}</arg>
<arg>"The comic's permanent link is not visible"</arg>
<doc>Verifies that the element identified by ``locator`` is visible.</doc>
<msg timestamp="20230301 04:05:00.170" level="INFO">Element 'xpath://div[@id='middleContainer']/text()[contains(.,'Permanent link')]/following-sibling::a[1]' is displayed.</msg>
<status status="PASS" starttime="20230301 04:05:00.164" endtime="20230301 04:05:00.170"/>
</kw>
<kw name="Get Text" library="Selenium2Library">
<var>${txtPermaLink}</var>
<arg>${permaLink}</arg>
<doc>Returns the text value of the element identified by ``locator``.</doc>
<msg timestamp="20230301 04:05:00.175" level="INFO">${txtPermaLink} = https://xkcd.com/2743/</msg>
<status status="PASS" starttime="20230301 04:05:00.170" endtime="20230301 04:05:00.175"/>
</kw>
<msg timestamp="20230301 04:05:00.175" level="INFO">${txtPermaLink} = https://xkcd.com/2743/</msg>
<status status="PASS" starttime="20230301 04:05:00.164" endtime="20230301 04:05:00.175"/>
</kw>
<kw name="Get Regexp Matches" library="String">
<var>${comicID}</var>
<arg>${txtPermaLink}</arg>
<arg>[0-9]+</arg>
<doc>Returns a list of all non-overlapping matches in the given string.</doc>
<msg timestamp="20230301 04:05:00.175" level="INFO">${comicID} = ['2743']</msg>
<status status="PASS" starttime="20230301 04:05:00.175" endtime="20230301 04:05:00.175"/>
</kw>
<kw name="Convert To Integer" library="BuiltIn">
<var>${NbcomicID}</var>
<arg>${comicID}[0]</arg>
<doc>Converts the given item to an integer number.</doc>
<msg timestamp="20230301 04:05:00.176" level="INFO">${NbcomicID} = 2743</msg>
<status status="PASS" starttime="20230301 04:05:00.175" endtime="20230301 04:05:00.176"/>
</kw>
<msg timestamp="20230301 04:05:00.176" level="INFO">${comicID} = 2743</msg>
<status status="PASS" starttime="20230301 04:05:00.163" endtime="20230301 04:05:00.176"/>
</kw>
<kw name="Should Be Equal" library="BuiltIn">
<arg>${comicID}</arg>
<arg>${expectedComicID}</arg>
<arg>Verifying if the displayed comic ID equals the expected comic ID</arg>
<arg>True</arg>
<doc>Fails if the given objects are unequal.</doc>
<status status="PASS" starttime="20230301 04:05:00.176" endtime="20230301 04:05:00.176"/>
</kw>
<status status="PASS" starttime="20230301 04:05:00.163" endtime="20230301 04:05:00.176"/>
</branch>
<status status="PASS" starttime="20230301 04:05:00.163" endtime="20230301 04:05:00.176"/>
</if>
<kw name="Element Should Be Visible" library="Selenium2Library">
<arg>${imgURL}</arg>
<arg>"The comic's image URL is not visible"</arg>
<doc>Verifies that the element identified by ``locator`` is visible.</doc>
<msg timestamp="20230301 04:05:00.183" level="INFO">Element 'xpath://div[@id='middleContainer']/text()[contains(.,'Image URL')]/following-sibling::a[1]' is displayed.</msg>
<status status="PASS" starttime="20230301 04:05:00.176" endtime="20230301 04:05:00.183"/>
</kw>
<kw name="Get Text" library="Selenium2Library">
<var>${txtImgURL}</var>
<arg>${imgURL}</arg>
<doc>Returns the text value of the element identified by ``locator``.</doc>
<msg timestamp="20230301 04:05:00.191" level="INFO">${txtImgURL} = https://imgs.xkcd.com/comics/hand_dryers.png</msg>
<status status="PASS" starttime="20230301 04:05:00.183" endtime="20230301 04:05:00.191"/>
</kw>
<kw name="Should Match Regexp" library="BuiltIn">
<arg>${txtImgURL}</arg>
<arg>${regExImgURL}</arg>
<arg>Verifying the comic's Image URL</arg>
<doc>Fails if ``string`` does not match ``pattern`` as a regular expression.</doc>
<status status="PASS" starttime="20230301 04:05:00.191" endtime="20230301 04:05:00.191"/>
</kw>
<status status="PASS" starttime="20230301 04:05:00.125" endtime="20230301 04:05:00.191"/>
</kw>
<doc>Verifies the main content of the homepage which includes, verifying the image, the URLs
and also clicking on the different navigation buttons and verifying the navigation between
the different comics.</doc>
<status status="PASS" starttime="20230301 04:04:58.531" endtime="20230301 04:05:00.191"/>
</test>
<test id="s1-t3" name="T.2 Verify email subscription" line="48">
<kw name="click email menu" library="keywords">
<kw name="Element Should Be Visible" library="Selenium2Library">
<arg>${menuEmail}</arg>
<arg>"The menu item 'Email' is not visible"</arg>
<doc>Verifies that the element identified by ``locator`` is visible.</doc>
<msg timestamp="20230301 04:05:00.200" level="INFO">Element 'xpath://div[@id='topLeft']/ul/li/a[text()='Email']' is displayed.</msg>
<status status="PASS" starttime="20230301 04:05:00.191" endtime="20230301 04:05:00.200"/>
</kw>
<kw name="Click Element" library="Selenium2Library">
<arg>${menuEmail}</arg>
<doc>Click the element identified by ``locator``.</doc>
<msg timestamp="20230301 04:05:00.200" level="INFO">Clicking element 'xpath://div[@id='topLeft']/ul/li/a[text()='Email']'.</msg>
<status status="PASS" starttime="20230301 04:05:00.200" endtime="20230301 04:05:00.672"/>
</kw>
<status status="PASS" starttime="20230301 04:05:00.191" endtime="20230301 04:05:00.672"/>
</kw>
<kw name="verify Email page is open" library="keywords">
<kw name="Wait Until Element Is Visible" library="Selenium2Library">
<arg>${emailTextDisplayed}</arg>
<doc>Waits until the element ``locator`` is visible.</doc>
<status status="PASS" starttime="20230301 04:05:00.672" endtime="20230301 04:05:00.684"/>
</kw>
<kw name="Element Text Should Be" library="Selenium2Library">
<arg>${emailTextDisplayed}</arg>
<arg>${defaultEmailTextExpected}</arg>
<doc>Verifies that element ``locator`` contains exact the text ``expected``.</doc>
<msg timestamp="20230301 04:05:00.684" level="INFO">Verifying element 'xpath://p' contains exact text 'To receive the comic and news postings in your inbox, subscribe here.'.</msg>
<status status="PASS" starttime="20230301 04:05:00.684" endtime="20230301 04:05:00.693"/>
</kw>
<status status="PASS" starttime="20230301 04:05:00.672" endtime="20230301 04:05:00.693"/>
</kw>
<kw name="Generate Random String" library="String">
<var>${randomNumber}</var>
<arg>4</arg>
<arg>0123456789</arg>
<doc>Generates a string with a desired ``length`` from the given ``chars``.</doc>
<msg timestamp="20230301 04:05:00.693" level="INFO">${randomNumber} = 7001</msg>
<status status="PASS" starttime="20230301 04:05:00.693" endtime="20230301 04:05:00.693"/>
</kw>
<kw name="Catenate" library="BuiltIn">
<var>${randomDisposableEmail}</var>
<arg>SEPARATOR=</arg>
<arg>${randomNumber}</arg>
<arg>${disposableEmail}</arg>
<doc>Catenates the given items together and returns the resulted string.</doc>
<msg timestamp="20230301 04:05:00.693" level="INFO">${randomDisposableEmail} = 7001soukaina-xkcd@sharklasers.com</msg>
<status status="PASS" starttime="20230301 04:05:00.693" endtime="20230301 04:05:00.693"/>
</kw>
<kw name="subscribe to emails" library="keywords">
<arg>${randomDisposableEmail}</arg>
<kw name="Wait Until Element Is Visible" library="Selenium2Library">
<arg>${inputEmail}</arg>
<doc>Waits until the element ``locator`` is visible.</doc>
<status status="PASS" starttime="20230301 04:05:00.693" endtime="20230301 04:05:00.702"/>
</kw>
<kw name="Input Text" library="Selenium2Library">
<arg>${inputEmail}</arg>
<arg>${email}</arg>
<doc>Types the given ``text`` into the text field identified by ``locator``.</doc>
<msg timestamp="20230301 04:05:00.703" level="INFO">Typing text '7001soukaina-xkcd@sharklasers.com' into text field 'xpath://input[@type='email']'.</msg>
<status status="PASS" starttime="20230301 04:05:00.702" endtime="20230301 04:05:00.825"/>
</kw>
<kw name="Element Should Be Visible" library="Selenium2Library">
<arg>${buttonSubscribe}</arg>
<arg>"The subscribe button is not visible"</arg>
<doc>Verifies that the element identified by ``locator`` is visible.</doc>
<msg timestamp="20230301 04:05:00.834" level="INFO">Element 'xpath://input[@value='subscribe']' is displayed.</msg>
<status status="PASS" starttime="20230301 04:05:00.825" endtime="20230301 04:05:00.834"/>
</kw>
<kw name="Click Element" library="Selenium2Library">
<arg>${buttonSubscribe}</arg>
<doc>Click the element identified by ``locator``.</doc>
<msg timestamp="20230301 04:05:00.834" level="INFO">Clicking element 'xpath://input[@value='subscribe']'.</msg>
<status status="PASS" starttime="20230301 04:05:00.834" endtime="20230301 04:05:01.570"/>
</kw>
<kw name="Replace String" library="String">
<var>${expectedMessage}</var>
<arg>${subscriptionConfirmation}</arg>
<arg>disposable email</arg>
<arg>${email}</arg>
<doc>Replaces ``search_for`` in the given ``string`` with ``replace_with``.</doc>
<msg timestamp="20230301 04:05:01.570" level="INFO">${expectedMessage} = You should receive an email at &lt;7001soukaina-xkcd@sharklasers.com&gt; shortly which will enable you to complete the signup process.</msg>
<status status="PASS" starttime="20230301 04:05:01.570" endtime="20230301 04:05:01.570"/>
</kw>
<kw name="Element Text Should Be" library="Selenium2Library">
<arg>${textDisplayedAfterSubscription}</arg>
<arg>${expectedMessage}</arg>
<doc>Verifies that element ``locator`` contains exact the text ``expected``.</doc>
<msg timestamp="20230301 04:05:01.571" level="INFO">Verifying element 'xpath://body' contains exact text 'You should receive an email at &lt;7001soukaina-xkcd@sharklasers.com&gt; shortly which will enable you to complete the signup process.'.</msg>
<status status="PASS" starttime="20230301 04:05:01.570" endtime="20230301 04:05:01.595"/>
</kw>
<status status="PASS" starttime="20230301 04:05:00.693" endtime="20230301 04:05:01.595"/>
</kw>
<kw name="Go To" library="Selenium2Library">
<arg>${disposableEmailWebsite}</arg>
<doc>Navigates the current browser window to the provided ``url``.</doc>
<msg timestamp="20230301 04:05:01.595" level="INFO">Opening url 'https://www.guerrillamail.com'</msg>
<status status="PASS" starttime="20230301 04:05:01.595" endtime="20230301 04:05:03.100"/>
</kw>
<kw name="check confirmation email" library="keywords">
<arg>${randomDisposableEmail}</arg>
<kw name="Wait Until Element Is Visible" library="Selenium2Library">
<arg>${emailButton}</arg>
<doc>Waits until the element ``locator`` is visible.</doc>
<status status="PASS" starttime="20230301 04:05:03.100" endtime="20230301 04:05:03.113"/>
</kw>
<kw name="Click Element" library="Selenium2Library">
<arg>${emailButton}</arg>
<doc>Click the element identified by ``locator``.</doc>
<msg timestamp="20230301 04:05:03.113" level="INFO">Clicking element 'xpath://span[contains(@data-intro,'Inbox ID')]/span'.</msg>
<status status="PASS" starttime="20230301 04:05:03.113" endtime="20230301 04:05:03.150"/>
</kw>
<kw name="Element Should Be Visible" library="Selenium2Library">
<arg>${emailInput}</arg>
<doc>Verifies that the element identified by ``locator`` is visible.</doc>
<msg timestamp="20230301 04:05:03.241" level="INFO">Element 'xpath://span[contains(@data-intro,'Inbox ID')]/span/input' is displayed.</msg>
<status status="PASS" starttime="20230301 04:05:03.150" endtime="20230301 04:05:03.241"/>
</kw>
<kw name="Input Text" library="Selenium2Library">
<arg>${emailInput}</arg>
<arg>${email}</arg>
<doc>Types the given ``text`` into the text field identified by ``locator``.</doc>
<msg timestamp="20230301 04:05:03.241" level="INFO">Typing text '7001soukaina-xkcd@sharklasers.com' into text field 'xpath://span[contains(@data-intro,'Inbox ID')]/span/input'.</msg>
<status status="PASS" starttime="20230301 04:05:03.241" endtime="20230301 04:05:03.744"/>
</kw>
<kw name="Element Should Be Visible" library="Selenium2Library">
<arg>${setButton}</arg>
<doc>Verifies that the element identified by ``locator`` is visible.</doc>
<msg timestamp="20230301 04:05:03.754" level="INFO">Element 'xpath://span[contains(@data-intro,'Inbox ID')]/span/button[text()='Set']' is displayed.</msg>
<status status="PASS" starttime="20230301 04:05:03.744" endtime="20230301 04:05:03.754"/>
</kw>
<kw name="Click Element" library="Selenium2Library">
<arg>${setButton}</arg>
<doc>Click the element identified by ``locator``.</doc>
<msg timestamp="20230301 04:05:03.754" level="INFO">Clicking element 'xpath://span[contains(@data-intro,'Inbox ID')]/span/button[text()='Set']'.</msg>
<status status="PASS" starttime="20230301 04:05:03.754" endtime="20230301 04:05:03.775"/>
</kw>
<kw name="Wait Until Element Is Visible" library="Selenium2Library">
<arg>${xkcdEmail}</arg>
<arg>30</arg>
<doc>Waits until the element ``locator`` is visible.</doc>
<status status="PASS" starttime="20230301 04:05:03.775" endtime="20230301 04:05:23.233"/>
</kw>
<status status="PASS" starttime="20230301 04:05:03.100" endtime="20230301 04:05:23.234"/>
</kw>
<kw name="confirm subscription inbox" library="keywords">
<kw name="Element Should Be Visible" library="Selenium2Library">
<arg>${xkcdEmail}</arg>
<doc>Verifies that the element identified by ``locator`` is visible.</doc>
<msg timestamp="20230301 04:05:23.248" level="INFO">Element 'xpath://tbody[@id='email_list']/tr/td[contains(text(),'xkcd')]' is displayed.</msg>
<status status="PASS" starttime="20230301 04:05:23.235" endtime="20230301 04:05:23.248"/>
</kw>
<kw name="Click Element" library="Selenium2Library">
<arg>${xkcdEmail}</arg>
<doc>Click the element identified by ``locator``.</doc>
<msg timestamp="20230301 04:05:23.249" level="INFO">Clicking element 'xpath://tbody[@id='email_list']/tr/td[contains(text(),'xkcd')]'.</msg>
<status status="PASS" starttime="20230301 04:05:23.248" endtime="20230301 04:05:23.271"/>
</kw>
<kw name="Wait Until Element Is Visible" library="Selenium2Library">
<arg>${confirmationLink}</arg>
<arg>30</arg>
<doc>Waits until the element ``locator`` is visible.</doc>
<status status="PASS" starttime="20230301 04:05:23.271" endtime="20230301 04:05:23.495"/>
</kw>
<kw name="Click Element" library="Selenium2Library">
<arg>${confirmationLink}</arg>
<doc>Click the element identified by ``locator``.</doc>
<msg timestamp="20230301 04:05:23.496" level="INFO">Clicking element 'xpath://div[@class='email_body']/a'.</msg>
<status status="PASS" starttime="20230301 04:05:23.495" endtime="20230301 04:05:23.605"/>
</kw>
<status status="PASS" starttime="20230301 04:05:23.234" endtime="20230301 04:05:23.605"/>
</kw>
<kw name="confirm subscription xkcd" library="keywords">
<arg>${randomDisposableEmail}</arg>
<kw name="Switch Window" library="Selenium2Library">
<arg>locator=NEW</arg>
<doc>Switches to browser window matching ``locator``.</doc>
<status status="PASS" starttime="20230301 04:05:23.606" endtime="20230301 04:05:23.708"/>
</kw>
<kw name="Wait Until Element Is Visible" library="Selenium2Library">
<arg>${completeSubscription}</arg>
<arg>20</arg>
<doc>Waits until the element ``locator`` is visible.</doc>
<status status="PASS" starttime="20230301 04:05:23.708" endtime="20230301 04:05:24.053"/>
</kw>
<kw name="Element Should Be Visible" library="Selenium2Library">
<arg>${confirmSubscription}</arg>
<arg>"The subscription confrimation button is not visible"</arg>
<doc>Verifies that the element identified by ``locator`` is visible.</doc>
<msg timestamp="20230301 04:05:24.067" level="INFO">Element 'xpath://input[contains(@value,'Confirm subscription')]' is displayed.</msg>
<status status="PASS" starttime="20230301 04:05:24.053" endtime="20230301 04:05:24.067"/>
</kw>
<kw name="Click Element" library="Selenium2Library">
<arg>${confirmSubscription}</arg>
<doc>Click the element identified by ``locator``.</doc>
<msg timestamp="20230301 04:05:24.067" level="INFO">Clicking element 'xpath://input[contains(@value,'Confirm subscription')]'.</msg>
<status status="PASS" starttime="20230301 04:05:24.067" endtime="20230301 04:05:24.742"/>
</kw>
<kw name="Replace String" library="String">
<var>${expectedMessage}</var>
<arg>${finalSubscriptionConfirmation}</arg>
<arg>disposable email</arg>
<arg>${email}</arg>
<doc>Replaces ``search_for`` in the given ``string`` with ``replace_with``.</doc>
<msg timestamp="20230301 04:05:24.743" level="INFO">${expectedMessage} = Subscription for &lt;7001soukaina-xkcd@sharklasers.com&gt; confirmed.</msg>
<status status="PASS" starttime="20230301 04:05:24.742" endtime="20230301 04:05:24.743"/>
</kw>
<kw name="Element Text Should Be" library="Selenium2Library">
<arg>${textDisplayedAfterSubscription}</arg>
<arg>${expectedMessage}</arg>
<doc>Verifies that element ``locator`` contains exact the text ``expected``.</doc>
<msg timestamp="20230301 04:05:24.744" level="INFO">Verifying element 'xpath://body' contains exact text 'Subscription for &lt;7001soukaina-xkcd@sharklasers.com&gt; confirmed.'.</msg>
<status status="PASS" starttime="20230301 04:05:24.743" endtime="20230301 04:05:24.767"/>
</kw>
<status status="PASS" starttime="20230301 04:05:23.606" endtime="20230301 04:05:24.767"/>
</kw>
<doc>Verifies the email subscription functionality</doc>
<status status="PASS" starttime="20230301 04:05:00.191" endtime="20230301 04:05:24.767"/>
</test>
<kw name="Close All Browsers" library="Selenium2Library" type="TEARDOWN">
<doc>Closes all open browsers and resets the browser cache.</doc>
<status status="PASS" starttime="20230301 04:05:24.768" endtime="20230301 04:05:24.858"/>
</kw>
<status status="PASS" starttime="20230301 04:04:56.332" endtime="20230301 04:05:24.858"/>
</suite>
<statistics>
<total>
<stat pass="3" fail="0" skip="0">All Tests</stat>
</total>
<tag>
</tag>
<suite>
<stat pass="3" fail="0" skip="0" id="s1" name="Main">Main</stat>
</suite>
</statistics>
<errors>
</errors>
</robot>
